<?xml version="1.0" encoding="UTF-8"?>
<!-- Generated by org.testng.reporters.JUnitXMLReporter -->
<testsuite hostname="CMDSNMUHANDIRAM" ignored="3" name="Default test" tests="1" failures="0" timestamp="09 Aug 2017 22:58:02 GMT" time="21.257" errors="0">
  <testcase name="tc_RegistrationFormValidation" time="12.306" classname="gtn.automation.testing.testsuites.TS_FormValidation"/>
  <testcase name="tc_RegistrationFormValidation3" time="0.0" classname="gtn.automation.testing.testsuites.TS_FormValidation">
    <ignored/>
  </testcase> <!-- tc_RegistrationFormValidation3 -->
  <testcase name="tc_RegistrationFormValidation2" time="0.0" classname="gtn.automation.testing.testsuites.TS_FormValidation">
    <ignored/>
  </testcase> <!-- tc_RegistrationFormValidation2 -->
  <testcase name="tc_RegistrationFormValidation1" time="0.0" classname="gtn.automation.testing.testsuites.TS_FormValidation">
    <ignored/>
  </testcase> <!-- tc_RegistrationFormValidation1 -->
</testsuite> <!-- Default test -->
