<?xml version="1.0" encoding="UTF-8"?>
<!-- Generated by org.testng.reporters.JUnitXMLReporter -->
<testsuite hostname="CMDSNMUHANDIRAM" ignored="3" name="Default test" tests="1" failures="0" timestamp="10 Aug 2017 08:02:41 GMT" time="22.796" errors="0">
  <testcase name="tc_RegistrationFormValidation" time="9.49" classname="gtn.automation.test.testsuites.TS_FormValidation"/>
  <testcase name="tc_RegistrationFormValidation1" time="0.0" classname="gtn.automation.test.testsuites.TS_FormValidation">
    <ignored/>
  </testcase> <!-- tc_RegistrationFormValidation1 -->
  <testcase name="tc_RegistrationFormValidation3" time="0.0" classname="gtn.automation.test.testsuites.TS_FormValidation">
    <ignored/>
  </testcase> <!-- tc_RegistrationFormValidation3 -->
  <testcase name="tc_RegistrationFormValidation2" time="0.0" classname="gtn.automation.test.testsuites.TS_FormValidation">
    <ignored/>
  </testcase> <!-- tc_RegistrationFormValidation2 -->
</testsuite> <!-- Default test -->
