<?xml version="1.0" encoding="UTF-8"?>
<!-- Generated by org.testng.reporters.JUnitXMLReporter -->
<testsuite hostname="CMDSNMUHANDIRAM" ignored="0" name="Test" tests="4" failures="0" timestamp="09 Aug 2017 11:33:42 GMT" time="56.802" errors="0">
  <testcase name="tc_RegistrationFormValidation" time="21.209" classname="gtn.automation.testing.testsuites.TS_FormValidation"/>
  <testcase name="tc_RegistrationFormValidation" time="1.136" classname="gtn.automation.testing.testsuites.TS_FormValidation"/>
  <testcase name="tc_RegistrationFormValidation" time="2.366" classname="gtn.automation.testing.testsuites.TS_FormValidation"/>
  <testcase name="tc_RegistrationFormValidation" time="1.262" classname="gtn.automation.testing.testsuites.TS_FormValidation"/>
</testsuite> <!-- Test -->
