<?xml version="1.0" encoding="UTF-8"?>
<testng-results skipped="0" failed="0" ignored="0" total="4" passed="4">
  <reporter-output>
  </reporter-output>
  <suite name="TestSuite" duration-ms="56617" started-at="2017-08-10T08:06:46Z" finished-at="2017-08-10T08:07:42Z">
    <groups>
    </groups>
    <test name="Test" duration-ms="56617" started-at="2017-08-10T08:06:46Z" finished-at="2017-08-10T08:07:42Z">
      <class name="gtn.automation.test.testsuites.TS_FormValidation">
        <test-method status="PASS" signature="beforeSuite()[pri:0, instance:gtn.automation.test.testsuites.TS_FormValidation@6a41eaa2]" name="beforeSuite" is-config="true" duration-ms="0" started-at="2017-08-10T13:36:46Z" finished-at="2017-08-10T13:36:46Z">
          <reporter-output>
          </reporter-output>
        </test-method> <!-- beforeSuite -->
        <test-method status="PASS" signature="beforeTest()[pri:0, instance:gtn.automation.test.testsuites.TS_FormValidation@6a41eaa2]" name="beforeTest" is-config="true" duration-ms="0" started-at="2017-08-10T13:36:46Z" finished-at="2017-08-10T13:36:46Z">
          <reporter-output>
          </reporter-output>
        </test-method> <!-- beforeTest -->
        <test-method status="PASS" signature="beforeClass()[pri:0, instance:gtn.automation.test.testsuites.TS_FormValidation@6a41eaa2]" name="beforeClass" is-config="true" duration-ms="0" started-at="2017-08-10T13:36:46Z" finished-at="2017-08-10T13:36:46Z">
          <reporter-output>
          </reporter-output>
        </test-method> <!-- beforeClass -->
        <test-method status="PASS" signature="beforeMethod(java.lang.String)[pri:0, instance:gtn.automation.test.testsuites.TS_FormValidation@6a41eaa2]" name="beforeMethod" is-config="true" duration-ms="32249" started-at="2017-08-10T13:36:46Z" finished-at="2017-08-10T13:37:18Z">
          <params>
            <param index="0">
              <value>
                <![CDATA[chrome]]>
              </value>
            </param>
          </params>
          <reporter-output>
          </reporter-output>
        </test-method> <!-- beforeMethod -->
        <test-method status="PASS" signature="beforeMethod(java.lang.String)[pri:0, instance:gtn.automation.test.testsuites.TS_FormValidation@6a41eaa2]" name="beforeMethod" is-config="true" duration-ms="23003" started-at="2017-08-10T13:36:46Z" finished-at="2017-08-10T13:37:09Z">
          <params>
            <param index="0">
              <value>
                <![CDATA[firefox]]>
              </value>
            </param>
          </params>
          <reporter-output>
          </reporter-output>
        </test-method> <!-- beforeMethod -->
        <test-method status="PASS" signature="beforeMethod(java.lang.String)[pri:0, instance:gtn.automation.test.testsuites.TS_FormValidation@6a41eaa2]" name="beforeMethod" is-config="true" duration-ms="8821" started-at="2017-08-10T13:36:46Z" finished-at="2017-08-10T13:36:55Z">
          <params>
            <param index="0">
              <value>
                <![CDATA[chrome]]>
              </value>
            </param>
          </params>
          <reporter-output>
          </reporter-output>
        </test-method> <!-- beforeMethod -->
        <test-method status="PASS" signature="beforeMethod(java.lang.String)[pri:0, instance:gtn.automation.test.testsuites.TS_FormValidation@6a41eaa2]" name="beforeMethod" is-config="true" duration-ms="46000" started-at="2017-08-10T13:36:46Z" finished-at="2017-08-10T13:37:32Z">
          <params>
            <param index="0">
              <value>
                <![CDATA[firefox]]>
              </value>
            </param>
          </params>
          <reporter-output>
          </reporter-output>
        </test-method> <!-- beforeMethod -->
        <test-method status="PASS" signature="tc_RegistrationFormValidation1(java.lang.String, java.lang.String, java.lang.String, java.lang.String, java.lang.String, java.lang.String, java.lang.String, java.lang.String, java.lang.String, java.lang.String, java.lang.String, java.lang.String, java.lang.String)[pri:0, instance:gtn.automation.test.testsuites.TS_FormValidation@6a41eaa2]" name="tc_RegistrationFormValidation1" duration-ms="13811" started-at="2017-08-10T13:36:55Z" data-provider="excel_data_provider" finished-at="2017-08-10T13:37:09Z">
          <params>
            <param index="0">
              <value>
                <![CDATA[krypton]]>
              </value>
            </param>
            <param index="1">
              <value>
                <![CDATA[krypton]]>
              </value>
            </param>
            <param index="2">
              <value>
                <![CDATA[Srinesh]]>
              </value>
            </param>
            <param index="3">
              <value>
                <![CDATA[Nisala]]>
              </value>
            </param>
            <param index="4">
              <value>
                <![CDATA[SrineshNisal@Test.com]]>
              </value>
            </param>
            <param index="5">
              <value>
                <![CDATA[A777000000]]>
              </value>
            </param>
            <param index="6">
              <value>
                <![CDATA[Female]]>
              </value>
            </param>
            <param index="7">
              <value>
                <![CDATA[Virtusa]]>
              </value>
            </param>
            <param index="8">
              <value>
                <![CDATA[Address one]]>
              </value>
            </param>
            <param index="9">
              <value>
                <![CDATA[Address two]]>
              </value>
            </param>
            <param index="10">
              <value>
                <![CDATA[C:\Users\snmuhandiram\Desktop\sample.txt]]>
              </value>
            </param>
            <param index="11">
              <value>
                <![CDATA[1]]>
              </value>
            </param>
            <param index="12">
              <value>
                <![CDATA[skill one,skill two]]>
              </value>
            </param>
          </params>
          <reporter-output>
          </reporter-output>
        </test-method> <!-- tc_RegistrationFormValidation1 -->
        <test-method status="PASS" signature="afterMethod(org.testng.ITestResult)[pri:0, instance:gtn.automation.test.testsuites.TS_FormValidation@6a41eaa2]" name="afterMethod" is-config="true" duration-ms="23981" started-at="2017-08-10T13:37:09Z" finished-at="2017-08-10T13:37:33Z">
          <params>
            <param index="0">
              <value>
                <![CDATA[[TestResult name=tc_RegistrationFormValidation1 status=SUCCESS method=TS_FormValidation.tc_RegistrationFormValidation1(java.lang.String, java.lang.String, java.lang.String, java.lang.String, java.lang.String, java.lang.String, java.lang.String, java.lang.String, java.lang.String, java.lang.String, java.lang.String, java.lang.String, java.lang.String)[pri:0, instance:gtn.automation.test.testsuites.TS_FormValidation@6a41eaa2] output={null}]]]>
              </value>
            </param>
          </params>
          <reporter-output>
          </reporter-output>
        </test-method> <!-- afterMethod -->
        <test-method status="PASS" signature="tc_RegistrationFormValidation2(java.lang.String, java.lang.String, java.lang.String, java.lang.String, java.lang.String, java.lang.String, java.lang.String, java.lang.String, java.lang.String, java.lang.String, java.lang.String, java.lang.String, java.lang.String)[pri:0, instance:gtn.automation.test.testsuites.TS_FormValidation@6a41eaa2]" name="tc_RegistrationFormValidation2" duration-ms="11535" started-at="2017-08-10T13:37:09Z" data-provider="excel_data_provider" finished-at="2017-08-10T13:37:21Z">
          <params>
            <param index="0">
              <value>
                <![CDATA[krypton]]>
              </value>
            </param>
            <param index="1">
              <value>
                <![CDATA[krypton]]>
              </value>
            </param>
            <param index="2">
              <value>
                <![CDATA[Srinesh]]>
              </value>
            </param>
            <param index="3">
              <value>
                <![CDATA[Nisala]]>
              </value>
            </param>
            <param index="4">
              <value>
                <![CDATA[SrineshNisal@Test.com]]>
              </value>
            </param>
            <param index="5">
              <value>
                <![CDATA[A777000000]]>
              </value>
            </param>
            <param index="6">
              <value>
                <![CDATA[Female]]>
              </value>
            </param>
            <param index="7">
              <value>
                <![CDATA[Virtusa]]>
              </value>
            </param>
            <param index="8">
              <value>
                <![CDATA[Address one]]>
              </value>
            </param>
            <param index="9">
              <value>
                <![CDATA[Address two]]>
              </value>
            </param>
            <param index="10">
              <value>
                <![CDATA[C:\Users\snmuhandiram\Desktop\sample.txt]]>
              </value>
            </param>
            <param index="11">
              <value>
                <![CDATA[1]]>
              </value>
            </param>
            <param index="12">
              <value>
                <![CDATA[skill one,skill two]]>
              </value>
            </param>
          </params>
          <reporter-output>
          </reporter-output>
        </test-method> <!-- tc_RegistrationFormValidation2 -->
        <test-method status="PASS" signature="tc_RegistrationFormValidation(java.lang.String, java.lang.String, java.lang.String, java.lang.String, java.lang.String, java.lang.String, java.lang.String, java.lang.String, java.lang.String, java.lang.String, java.lang.String, java.lang.String, java.lang.String)[pri:0, instance:gtn.automation.test.testsuites.TS_FormValidation@6a41eaa2]" name="tc_RegistrationFormValidation" duration-ms="15812" started-at="2017-08-10T13:37:18Z" data-provider="excel_data_provider" finished-at="2017-08-10T13:37:34Z">
          <params>
            <param index="0">
              <value>
                <![CDATA[krypton]]>
              </value>
            </param>
            <param index="1">
              <value>
                <![CDATA[krypton]]>
              </value>
            </param>
            <param index="2">
              <value>
                <![CDATA[Srinesh]]>
              </value>
            </param>
            <param index="3">
              <value>
                <![CDATA[Nisala]]>
              </value>
            </param>
            <param index="4">
              <value>
                <![CDATA[SrineshNisal@Test.com]]>
              </value>
            </param>
            <param index="5">
              <value>
                <![CDATA[A777000000]]>
              </value>
            </param>
            <param index="6">
              <value>
                <![CDATA[Female]]>
              </value>
            </param>
            <param index="7">
              <value>
                <![CDATA[Virtusa]]>
              </value>
            </param>
            <param index="8">
              <value>
                <![CDATA[Address one]]>
              </value>
            </param>
            <param index="9">
              <value>
                <![CDATA[Address two]]>
              </value>
            </param>
            <param index="10">
              <value>
                <![CDATA[C:\Users\snmuhandiram\Desktop\sample.txt]]>
              </value>
            </param>
            <param index="11">
              <value>
                <![CDATA[1]]>
              </value>
            </param>
            <param index="12">
              <value>
                <![CDATA[skill one,skill two]]>
              </value>
            </param>
          </params>
          <reporter-output>
          </reporter-output>
        </test-method> <!-- tc_RegistrationFormValidation -->
        <test-method status="PASS" signature="afterMethod(org.testng.ITestResult)[pri:0, instance:gtn.automation.test.testsuites.TS_FormValidation@6a41eaa2]" name="afterMethod" is-config="true" duration-ms="12004" started-at="2017-08-10T13:37:21Z" finished-at="2017-08-10T13:37:33Z">
          <params>
            <param index="0">
              <value>
                <![CDATA[[TestResult name=tc_RegistrationFormValidation2 status=SUCCESS method=TS_FormValidation.tc_RegistrationFormValidation2(java.lang.String, java.lang.String, java.lang.String, java.lang.String, java.lang.String, java.lang.String, java.lang.String, java.lang.String, java.lang.String, java.lang.String, java.lang.String, java.lang.String, java.lang.String)[pri:0, instance:gtn.automation.test.testsuites.TS_FormValidation@6a41eaa2] output={null}]]]>
              </value>
            </param>
          </params>
          <reporter-output>
          </reporter-output>
        </test-method> <!-- afterMethod -->
        <test-method status="PASS" signature="tc_RegistrationFormValidation3(java.lang.String, java.lang.String, java.lang.String, java.lang.String, java.lang.String, java.lang.String, java.lang.String, java.lang.String, java.lang.String, java.lang.String, java.lang.String, java.lang.String, java.lang.String)[pri:0, instance:gtn.automation.test.testsuites.TS_FormValidation@6a41eaa2]" name="tc_RegistrationFormValidation3" duration-ms="9879" started-at="2017-08-10T13:37:32Z" data-provider="excel_data_provider" finished-at="2017-08-10T13:37:42Z">
          <params>
            <param index="0">
              <value>
                <![CDATA[krypton]]>
              </value>
            </param>
            <param index="1">
              <value>
                <![CDATA[krypton]]>
              </value>
            </param>
            <param index="2">
              <value>
                <![CDATA[Srinesh]]>
              </value>
            </param>
            <param index="3">
              <value>
                <![CDATA[Nisala]]>
              </value>
            </param>
            <param index="4">
              <value>
                <![CDATA[SrineshNisal@Test.com]]>
              </value>
            </param>
            <param index="5">
              <value>
                <![CDATA[A777000000]]>
              </value>
            </param>
            <param index="6">
              <value>
                <![CDATA[Female]]>
              </value>
            </param>
            <param index="7">
              <value>
                <![CDATA[Virtusa]]>
              </value>
            </param>
            <param index="8">
              <value>
                <![CDATA[Address one]]>
              </value>
            </param>
            <param index="9">
              <value>
                <![CDATA[Address two]]>
              </value>
            </param>
            <param index="10">
              <value>
                <![CDATA[C:\Users\snmuhandiram\Desktop\sample.txt]]>
              </value>
            </param>
            <param index="11">
              <value>
                <![CDATA[1]]>
              </value>
            </param>
            <param index="12">
              <value>
                <![CDATA[skill one,skill two]]>
              </value>
            </param>
          </params>
          <reporter-output>
          </reporter-output>
        </test-method> <!-- tc_RegistrationFormValidation3 -->
        <test-method status="PASS" signature="afterMethod(org.testng.ITestResult)[pri:0, instance:gtn.automation.test.testsuites.TS_FormValidation@6a41eaa2]" name="afterMethod" is-config="true" duration-ms="62" started-at="2017-08-10T13:37:34Z" finished-at="2017-08-10T13:37:34Z">
          <params>
            <param index="0">
              <value>
                <![CDATA[[TestResult name=tc_RegistrationFormValidation status=SUCCESS method=TS_FormValidation.tc_RegistrationFormValidation(java.lang.String, java.lang.String, java.lang.String, java.lang.String, java.lang.String, java.lang.String, java.lang.String, java.lang.String, java.lang.String, java.lang.String, java.lang.String, java.lang.String, java.lang.String)[pri:0, instance:gtn.automation.test.testsuites.TS_FormValidation@6a41eaa2] output={null}]]]>
              </value>
            </param>
          </params>
          <reporter-output>
          </reporter-output>
        </test-method> <!-- afterMethod -->
        <test-method status="PASS" signature="afterMethod(org.testng.ITestResult)[pri:0, instance:gtn.automation.test.testsuites.TS_FormValidation@6a41eaa2]" name="afterMethod" is-config="true" duration-ms="168" started-at="2017-08-10T13:37:42Z" finished-at="2017-08-10T13:37:42Z">
          <params>
            <param index="0">
              <value>
                <![CDATA[[TestResult name=tc_RegistrationFormValidation3 status=SUCCESS method=TS_FormValidation.tc_RegistrationFormValidation3(java.lang.String, java.lang.String, java.lang.String, java.lang.String, java.lang.String, java.lang.String, java.lang.String, java.lang.String, java.lang.String, java.lang.String, java.lang.String, java.lang.String, java.lang.String)[pri:0, instance:gtn.automation.test.testsuites.TS_FormValidation@6a41eaa2] output={null}]]]>
              </value>
            </param>
          </params>
          <reporter-output>
          </reporter-output>
        </test-method> <!-- afterMethod -->
        <test-method status="PASS" signature="afterClass()[pri:0, instance:gtn.automation.test.testsuites.TS_FormValidation@6a41eaa2]" name="afterClass" is-config="true" duration-ms="9" started-at="2017-08-10T13:37:42Z" finished-at="2017-08-10T13:37:42Z">
          <reporter-output>
          </reporter-output>
        </test-method> <!-- afterClass -->
        <test-method status="PASS" signature="afterTest()[pri:0, instance:gtn.automation.test.testsuites.TS_FormValidation@6a41eaa2]" name="afterTest" is-config="true" duration-ms="0" started-at="2017-08-10T13:37:42Z" finished-at="2017-08-10T13:37:42Z">
          <reporter-output>
          </reporter-output>
        </test-method> <!-- afterTest -->
        <test-method status="PASS" signature="afterSuite()[pri:0, instance:gtn.automation.test.testsuites.TS_FormValidation@6a41eaa2]" name="afterSuite" is-config="true" duration-ms="1" started-at="2017-08-10T13:37:42Z" finished-at="2017-08-10T13:37:42Z">
          <reporter-output>
          </reporter-output>
        </test-method> <!-- afterSuite -->
      </class> <!-- gtn.automation.test.testsuites.TS_FormValidation -->
    </test> <!-- Test -->
  </suite> <!-- TestSuite -->
</testng-results>
