<?xml version="1.0" encoding="UTF-8"?>
<testng-results skipped="0" failed="0" ignored="3" total="4" passed="1">
  <reporter-output>
  </reporter-output>
  <suite name="Default suite" duration-ms="21257" started-at="2017-08-09T22:57:41Z" finished-at="2017-08-09T22:58:02Z">
    <groups>
    </groups>
    <test name="Default test" duration-ms="21257" started-at="2017-08-09T22:57:41Z" finished-at="2017-08-09T22:58:02Z">
      <class name="gtn.automation.testing.testsuites.TS_FormValidation">
        <test-method status="PASS" signature="beforeSuite()[pri:0, instance:gtn.automation.testing.testsuites.TS_FormValidation@6a4f787b]" name="beforeSuite" is-config="true" duration-ms="16" started-at="2017-08-10T04:27:41Z" finished-at="2017-08-10T04:27:41Z">
          <reporter-output>
          </reporter-output>
        </test-method> <!-- beforeSuite -->
        <test-method status="PASS" signature="beforeTest()[pri:0, instance:gtn.automation.testing.testsuites.TS_FormValidation@6a4f787b]" name="beforeTest" is-config="true" duration-ms="0" started-at="2017-08-10T04:27:41Z" finished-at="2017-08-10T04:27:41Z">
          <reporter-output>
          </reporter-output>
        </test-method> <!-- beforeTest -->
        <test-method status="PASS" signature="beforeClass()[pri:0, instance:gtn.automation.testing.testsuites.TS_FormValidation@6a4f787b]" name="beforeClass" is-config="true" duration-ms="0" started-at="2017-08-10T04:27:41Z" finished-at="2017-08-10T04:27:41Z">
          <reporter-output>
          </reporter-output>
        </test-method> <!-- beforeClass -->
        <test-method status="PASS" signature="beforeMethod(java.lang.String)[pri:0, instance:gtn.automation.testing.testsuites.TS_FormValidation@6a4f787b]" name="beforeMethod" is-config="true" duration-ms="8350" started-at="2017-08-10T04:27:41Z" finished-at="2017-08-10T04:27:50Z">
          <params>
            <param index="0">
              <value is-null="true"/>
            </param>
          </params>
          <reporter-output>
          </reporter-output>
        </test-method> <!-- beforeMethod -->
        <test-method status="PASS" signature="tc_RegistrationFormValidation(java.lang.String, java.lang.String, java.lang.String, java.lang.String, java.lang.String, java.lang.String, java.lang.String, java.lang.String, java.lang.String, java.lang.String, java.lang.String, java.lang.String, java.lang.String)[pri:0, instance:gtn.automation.testing.testsuites.TS_FormValidation@6a4f787b]" name="tc_RegistrationFormValidation" duration-ms="12306" started-at="2017-08-10T04:27:50Z" data-provider="excel_data_provider" finished-at="2017-08-10T04:28:02Z">
          <params>
            <param index="0">
              <value>
                <![CDATA[krypton]]>
              </value>
            </param>
            <param index="1">
              <value>
                <![CDATA[krypton]]>
              </value>
            </param>
            <param index="2">
              <value>
                <![CDATA[Srinesh]]>
              </value>
            </param>
            <param index="3">
              <value>
                <![CDATA[Nisala]]>
              </value>
            </param>
            <param index="4">
              <value>
                <![CDATA[SrineshNisal@Test.com]]>
              </value>
            </param>
            <param index="5">
              <value>
                <![CDATA[A777000000]]>
              </value>
            </param>
            <param index="6">
              <value>
                <![CDATA[Female]]>
              </value>
            </param>
            <param index="7">
              <value>
                <![CDATA[Virtusa]]>
              </value>
            </param>
            <param index="8">
              <value>
                <![CDATA[Address one]]>
              </value>
            </param>
            <param index="9">
              <value>
                <![CDATA[Address two]]>
              </value>
            </param>
            <param index="10">
              <value>
                <![CDATA[C:\Users\snmuhandiram\Desktop\sample.txt]]>
              </value>
            </param>
            <param index="11">
              <value>
                <![CDATA[1]]>
              </value>
            </param>
            <param index="12">
              <value>
                <![CDATA[skill one,skill two]]>
              </value>
            </param>
          </params>
          <reporter-output>
          </reporter-output>
        </test-method> <!-- tc_RegistrationFormValidation -->
        <test-method status="PASS" signature="afterMethod(org.testng.ITestResult)[pri:0, instance:gtn.automation.testing.testsuites.TS_FormValidation@6a4f787b]" name="afterMethod" is-config="true" duration-ms="99" started-at="2017-08-10T04:28:02Z" finished-at="2017-08-10T04:28:02Z">
          <params>
            <param index="0">
              <value>
                <![CDATA[[TestResult name=tc_RegistrationFormValidation status=SUCCESS method=TS_FormValidation.tc_RegistrationFormValidation(java.lang.String, java.lang.String, java.lang.String, java.lang.String, java.lang.String, java.lang.String, java.lang.String, java.lang.String, java.lang.String, java.lang.String, java.lang.String, java.lang.String, java.lang.String)[pri:0, instance:gtn.automation.testing.testsuites.TS_FormValidation@6a4f787b] output={null}]]]>
              </value>
            </param>
          </params>
          <reporter-output>
          </reporter-output>
        </test-method> <!-- afterMethod -->
        <test-method status="PASS" signature="afterClass()[pri:0, instance:gtn.automation.testing.testsuites.TS_FormValidation@6a4f787b]" name="afterClass" is-config="true" duration-ms="0" started-at="2017-08-10T04:28:02Z" finished-at="2017-08-10T04:28:02Z">
          <reporter-output>
          </reporter-output>
        </test-method> <!-- afterClass -->
        <test-method status="PASS" signature="afterTest()[pri:0, instance:gtn.automation.testing.testsuites.TS_FormValidation@6a4f787b]" name="afterTest" is-config="true" duration-ms="0" started-at="2017-08-10T04:28:02Z" finished-at="2017-08-10T04:28:02Z">
          <reporter-output>
          </reporter-output>
        </test-method> <!-- afterTest -->
        <test-method status="PASS" signature="afterSuite()[pri:0, instance:gtn.automation.testing.testsuites.TS_FormValidation@6a4f787b]" name="afterSuite" is-config="true" duration-ms="0" started-at="2017-08-10T04:28:02Z" finished-at="2017-08-10T04:28:02Z">
          <reporter-output>
          </reporter-output>
        </test-method> <!-- afterSuite -->
      </class> <!-- gtn.automation.testing.testsuites.TS_FormValidation -->
    </test> <!-- Default test -->
  </suite> <!-- Default suite -->
</testng-results>
