<?xml version="1.0" encoding="UTF-8"?>
<!-- Generated by org.testng.reporters.JUnitXMLReporter -->
<testsuite hostname="CMDSNMUHANDIRAM" ignored="0" name="Test" tests="4" failures="0" timestamp="10 Aug 2017 08:07:42 GMT" time="56.617" errors="0">
  <testcase name="tc_RegistrationFormValidation1" time="13.811" classname="gtn.automation.test.testsuites.TS_FormValidation"/>
  <testcase name="tc_RegistrationFormValidation2" time="11.535" classname="gtn.automation.test.testsuites.TS_FormValidation"/>
  <testcase name="tc_RegistrationFormValidation" time="15.812" classname="gtn.automation.test.testsuites.TS_FormValidation"/>
  <testcase name="tc_RegistrationFormValidation3" time="9.879" classname="gtn.automation.test.testsuites.TS_FormValidation"/>
</testsuite> <!-- Test -->
